\BOOKMARK [1][-]{section.1}{Introduction to Quantum Computing}{}% 1
\BOOKMARK [2][-]{subsection.1.1}{Qubits}{section.1}% 2
\BOOKMARK [2][-]{subsection.1.2}{Quantum Register}{section.1}% 3
\BOOKMARK [2][-]{subsection.1.3}{Tensor Product}{section.1}% 4
\BOOKMARK [2][-]{subsection.1.4}{Linear Algebra}{section.1}% 5
\BOOKMARK [2][-]{subsection.1.5}{Matrix Operation}{section.1}% 6
\BOOKMARK [2][-]{subsection.1.6}{Gates and Operators}{section.1}% 7
\BOOKMARK [1][-]{section.2}{Grover's Algorithm}{}% 8
\BOOKMARK [2][-]{subsection.2.1}{Introduction}{section.2}% 9
\BOOKMARK [2][-]{subsection.2.2}{Unstructured Search}{section.2}% 10
\BOOKMARK [2][-]{subsection.2.3}{The Oracle}{section.2}% 11
\BOOKMARK [2][-]{subsection.2.4}{How The Algorithm Works}{section.2}% 12
\BOOKMARK [2][-]{subsection.2.5}{Advantages and Disadvantages}{section.2}% 13
\BOOKMARK [1][-]{section.3}{Methodology}{}% 14
\BOOKMARK [2][-]{subsection.3.1}{Workflow and Organization}{section.3}% 15
\BOOKMARK [2][-]{subsection.3.2}{Git}{section.3}% 16
\BOOKMARK [1][-]{section.4}{Coding with Python}{}% 17
\BOOKMARK [2][-]{subsection.4.1}{Tensor Products}{section.4}% 18
\BOOKMARK [2][-]{subsection.4.2}{Matrices}{section.4}% 19
\BOOKMARK [2][-]{subsection.4.3}{Gates}{section.4}% 20
\BOOKMARK [1][-]{section.5}{Implementation}{}% 21
\BOOKMARK [2][-]{subsection.5.1}{Initial State}{section.5}% 22
\BOOKMARK [2][-]{subsection.5.2}{Single Target Oracle}{section.5}% 23
\BOOKMARK [2][-]{subsection.5.3}{Diffusion}{section.5}% 24
\BOOKMARK [2][-]{subsection.5.4}{Construction and Running}{section.5}% 25
\BOOKMARK [1][-]{section.6}{Testing and Debugging}{}% 26
\BOOKMARK [1][-]{section.7}{Issues and Challenges}{}% 27
\BOOKMARK [1][-]{section.8}{Problem title}{}% 28
\BOOKMARK [2][-]{subsection.8.1}{Theoretical viewpoint}{section.8}% 29
\BOOKMARK [2][-]{subsection.8.2}{Algorithmic issues}{section.8}% 30
\BOOKMARK [1][-]{section.9}{References and Bibliography}{}% 31
